# JRE version: OpenJDK Runtime Environment Temurin-11.0.15+10 (11.0.15+10) (build 11.0.15+10)
# Java VM: OpenJDK 64-Bit Server VM Temurin-11.0.15+10 (11.0.15+10, mixed mode, tiered, compressed oops, g1 gc, windows-amd64)
Heap:
 garbage-first heap   total 260096K, used 13850K [0x0000000702a00000, 0x0000000800000000)
  region size 1024K, 5 young (5120K), 5 survivors (5120K)
 Metaspace       used 26932K, capacity 27819K, committed 27952K, reserved 1087488K
  class space    used 3293K, capacity 3642K, committed 3712K, reserved 1048576K
GC Heap History (14 events):
Event: 1.686 GC heap before
{Heap before GC invocations=0 (full 0):
 garbage-first heap   total 260096K, used 15360K [0x0000000702a00000, 0x0000000800000000)
  region size 1024K, 14 young (14336K), 0 survivors (0K)
 Metaspace       used 11467K, capacity 11754K, committed 11904K, reserved 1060864K
  class space    used 1170K, capacity 1302K, committed 1408K, reserved 1048576K
}
Event: 1.693 GC heap after
{Heap after GC invocations=1 (full 0):
 garbage-first heap   total 260096K, used 7928K [0x0000000702a00000, 0x0000000800000000)
  region size 1024K, 2 young (2048K), 2 survivors (2048K)
 Metaspace       used 11467K, capacity 11754K, committed 11904K, reserved 1060864K
  class space    used 1170K, capacity 1302K, committed 1408K, reserved 1048576K
}
Event: 1.952 GC heap before
{Heap before GC invocations=1 (full 0):
 garbage-first heap   total 260096K, used 18168K [0x0000000702a00000, 0x0000000800000000)
  region size 1024K, 12 young (12288K), 2 survivors (2048K)
 Metaspace       used 14818K, capacity 15284K, committed 15360K, reserved 1062912K
  class space    used 1570K, capacity 1748K, committed 1792K, reserved 1048576K
}
Event: 1.957 GC heap after
{Heap after GC invocations=2 (full 0):
 garbage-first heap   total 260096K, used 9657K [0x0000000702a00000, 0x0000000800000000)
  region size 1024K, 2 young (2048K), 2 survivors (2048K)
 Metaspace       used 14818K, capacity 15284K, committed 15360K, reserved 1062912K
  class space    used 1570K, capacity 1748K, committed 1792K, reserved 1048576K
}
Event: 2.427 GC heap before
{Heap before GC invocations=2 (full 0):
 garbage-first heap   total 260096K, used 28089K [0x0000000702a00000, 0x0000000800000000)
  region size 1024K, 21 young (21504K), 2 survivors (2048K)
 Metaspace       used 18027K, capacity 18657K, committed 18944K, reserved 1067008K
  class space    used 1992K, capacity 2221K, committed 2304K, reserved 1048576K
}
Event: 2.432 GC heap after
{Heap after GC invocations=3 (full 0):
 garbage-first heap   total 260096K, used 10674K [0x0000000702a00000, 0x0000000800000000)
  region size 1024K, 2 young (2048K), 2 survivors (2048K)
 Metaspace       used 18027K, capacity 18657K, committed 18944K, reserved 1067008K
  class space    used 1992K, capacity 2221K, committed 2304K, reserved 1048576K
}
Event: 2.728 GC heap before
{Heap before GC invocations=3 (full 0):
 garbage-first heap   total 260096K, used 23986K [0x0000000702a00000, 0x0000000800000000)
  region size 1024K, 17 young (17408K), 2 survivors (2048K)
 Metaspace       used 20438K, capacity 21114K, committed 21296K, reserved 1069056K
  class space    used 2326K, capacity 2600K, committed 2688K, reserved 1048576K
}
Event: 2.732 GC heap after
{Heap after GC invocations=4 (full 0):
 garbage-first heap   total 260096K, used 11363K [0x0000000702a00000, 0x0000000800000000)
  region size 1024K, 2 young (2048K), 2 survivors (2048K)
 Metaspace       used 20438K, capacity 21114K, committed 21296K, reserved 1069056K
  class space    used 2326K, capacity 2600K, committed 2688K, reserved 1048576K
}
Event: 3.227 GC heap before
{Heap before GC invocations=5 (full 0):
 garbage-first heap   total 260096K, used 57443K [0x0000000702a00000, 0x0000000800000000)
  region size 1024K, 47 young (48128K), 2 survivors (2048K)
 Metaspace       used 24627K, capacity 25395K, committed 25520K, reserved 1071104K
  class space    used 3021K, capacity 3319K, committed 3328K, reserved 1048576K
}
Event: 3.232 GC heap after
{Heap after GC invocations=6 (full 0):
 garbage-first heap   total 260096K, used 12723K [0x0000000702a00000, 0x0000000800000000)
  region size 1024K, 4 young (4096K), 4 survivors (4096K)
 Metaspace       used 24627K, capacity 25395K, committed 25520K, reserved 1071104K
  class space    used 3021K, capacity 3319K, committed 3328K, reserved 1048576K
}
Event: 3.439 GC heap before
{Heap before GC invocations=6 (full 0):
 garbage-first heap   total 260096K, used 30131K [0x0000000702a00000, 0x0000000800000000)
  region size 1024K, 22 young (22528K), 4 survivors (4096K)
 Metaspace       used 26675K, capacity 27526K, committed 27568K, reserved 1079296K
  class space    used 3243K, capacity 3565K, committed 3584K, reserved 1048576K
}
Event: 3.448 GC heap after
{Heap after GC invocations=7 (full 0):
 garbage-first heap   total 260096K, used 13677K [0x0000000702a00000, 0x0000000800000000)
  region size 1024K, 4 young (4096K), 4 survivors (4096K)
 Metaspace       used 26675K, capacity 27526K, committed 27568K, reserved 1079296K
  class space    used 3243K, capacity 3565K, committed 3584K, reserved 1048576K
}
Event: 3.491 GC heap before
{Heap before GC invocations=8 (full 0):
 garbage-first heap   total 260096K, used 15725K [0x0000000702a00000, 0x0000000800000000)
  region size 1024K, 7 young (7168K), 4 survivors (4096K)
 Metaspace       used 26932K, capacity 27819K, committed 27952K, reserved 1085440K
  class space    used 3293K, capacity 3642K, committed 3712K, reserved 1048576K
}
Event: 3.500 GC heap after
{Heap after GC invocations=9 (full 0):
 garbage-first heap   total 260096K, used 13850K [0x0000000702a00000, 0x0000000800000000)
  region size 1024K, 5 young (5120K), 5 survivors (5120K)
 Metaspace       used 26932K, capacity 27819K, committed 27952K, reserved 1085440K
  class space    used 3293K, capacity 3642K, committed 3712K, reserved 1048576K
}

